<?xml version="1.0" encoding="UTF-8"?>
<!-- Generated by org.testng.reporters.JUnitXMLReporter -->
<testsuite ignored="0" hostname="PRATIMA-3010" failures="0" tests="3" name="Test" time="37.086" errors="0" timestamp="2023-11-28T12:46:17 IST">
  <testcase classname="testNGExecutionPackage.JavaTest" name="java_method" time="10.284"/>
  <testcase classname="testNGExecutionPackage.SeleniumTest" name="selenium_method" time="10.199"/>
  <testcase classname="testNGExecutionPackage.SqlTest" name="sql_method" time="16.493"/>
</testsuite> <!-- Test -->
